<?xml version="1.0" encoding="UTF-8"?>
<testsuite name="features.RunnerTestAceptacion" tests="0" skipped="0" failures="0" errors="0" timestamp="1970-01-01T00:00:00" hostname="PVID3DN8RN2" time="0.0">
  <properties/>
  <system-out><![CDATA[
?[31mFailed scenarios:?[0m
?[31msrc/test/resources/features/EnviarCorreo.feature:14 ?[0m# : Enviando un correo en Gmail
?[31msrc/test/resources/features/EnviarCorreo.feature:15 ?[0m# : Enviando un correo en Gmail
?[31msrc/test/resources/features/EnviarCorreo.feature:16 ?[0m# : Enviando un correo en Gmail
?[31msrc/test/resources/features/EnviarCorreo.feature:17 ?[0m# : Enviando un correo en Gmail

4 Scenarios (?[31m4 failed?[0m)
16 Steps (?[31m4 failed?[0m, ?[36m12 skipped?[0m)
0m24,258s

net.serenitybdd.core.exceptions.SerenityManagedException: The following error occurred: unknown error: call function result missing 'value'
  (Session info: chrome=71.0.3578.98)
  (Driver info: chromedriver=2.33.506120 (e3e53437346286c0bc2d2dc9aa4915ba81d9023f),platform=Windows NT 10.0.15063 x86_64) (WARNING: The server did not provide any stacktrace information)
Command duration or timeout: 0 milliseconds
Build info: version: '3.10.0', revision: '176b4a9', time: '2018-03-02T19:03:16.397Z'
System info: host: 'PVID3DN8RN2', ip: '10.0.75.1', os.name: 'Windows 10', os.arch: 'amd64', os.version: '10.0', java.version: '1.8.0_191'
Driver info: org.openqa.selenium.remote.RemoteWebDriver
Capabilities {acceptSslCerts: true, applicationCacheEnabled: false, browserConnectionEnabled: false, browserName: chrome, chrome: {chromedriverVersion: 2.33.506120 (e3e53437346286..., userDataDir: D:\Usuarios\carlolpa\AppDat...}, cssSelectorsEnabled: true, databaseEnabled: false, handlesAlerts: true, hasTouchScreen: false, javascriptEnabled: true, locationContextEnabled: true, mobileEmulationEnabled: false, nativeEvents: true, networkConnectionEnabled: false, pageLoadStrategy: normal, platform: XP, platformName: XP, rotatable: false, setWindowRect: true, takesHeapSnapshot: true, takesScreenshot: true, unexpectedAlertBehaviour: , unhandledPromptBehavior: , version: 71.0.3578.98, webStorageEnabled: true}
Session ID: cce2b61dc1bbae6a2593c4ca47c74637
	at sun.reflect.NativeConstructorAccessorImpl.newInstance0(Native Method)
	at sun.reflect.NativeConstructorAccessorImpl.newInstance(NativeConstructorAccessorImpl.java:62)
	at sun.reflect.DelegatingConstructorAccessorImpl.newInstance(DelegatingConstructorAccessorImpl.java:45)
	at java.lang.reflect.Constructor.newInstance(Constructor.java:423)
	at org.openqa.selenium.remote.ErrorHandler.createThrowable(ErrorHandler.java:214)
	at org.openqa.selenium.remote.ErrorHandler.throwIfResponseFailed(ErrorHandler.java:166)
	at org.openqa.selenium.remote.http.JsonHttpResponseCodec.reconstructValue(JsonHttpResponseCodec.java:40)
	at org.openqa.selenium.remote.http.AbstractHttpResponseCodec.decode(AbstractHttpResponseCodec.java:80)
	at org.openqa.selenium.remote.http.AbstractHttpResponseCodec.decode(AbstractHttpResponseCodec.java:44)
	at org.openqa.selenium.remote.HttpCommandExecutor.execute(HttpCommandExecutor.java:160)
	at org.openqa.selenium.remote.RemoteWebDriver.execute(RemoteWebDriver.java:601)
	at org.openqa.selenium.remote.RemoteWebDriver.executeScript(RemoteWebDriver.java:537)
	at net.thucydides.core.webdriver.javascript.JavascriptExecutorFacade.executeScript(JavascriptExecutorFacade.java:61)
	at net.thucydides.core.pages.jquery.JQueryEnabledPage.executeScriptFrom(JQueryEnabledPage.java:68)
	at net.thucydides.core.pages.jquery.JQueryEnabledPage.injectJQuery(JQueryEnabledPage.java:60)
	at net.thucydides.core.pages.jquery.JQueryEnabledPage.activateJQuery(JQueryEnabledPage.java:96)
	at net.serenitybdd.core.pages.PageObject.addJQuerySupport(PageObject.java:988)
	at net.serenitybdd.core.pages.PageObject.openPageAtUrl(PageObject.java:844)
	at net.serenitybdd.core.pages.PageObject.open(PageObject.java:743)
	at net.serenitybdd.core.pages.PageObject.open(PageObject.java:731)
	at steps.userSteps.GmailUser.abrirNavegador(GmailUser.java:10)
	at steps.userSteps.GmailUser$$EnhancerByCGLIB$$5e1d2b54.CGLIB$abrirNavegador$5(<generated>)
	at steps.userSteps.GmailUser$$EnhancerByCGLIB$$5e1d2b54$$FastClassByCGLIB$$41891ba8.invoke(<generated>)
	at net.sf.cglib.proxy.MethodProxy.invokeSuper(MethodProxy.java:228)
	at net.thucydides.core.steps.BaseMethodRunner.invokeMethod(BaseMethodRunner.java:10)
	at net.thucydides.core.steps.NormalMethodRunner.invokeMethodAndNotifyFailures(NormalMethodRunner.java:20)
	at net.thucydides.core.steps.StepInterceptor.runNormalMethod(StepInterceptor.java:361)
	at net.thucydides.core.steps.StepInterceptor.testStepResult(StepInterceptor.java:132)
	at net.thucydides.core.steps.StepInterceptor.intercept(StepInterceptor.java:68)
	at steps.userSteps.GmailUser$$EnhancerByCGLIB$$5e1d2b54.abrirNavegador(<generated>)
	at steps.EnviarCorreoStepsDefinitions.estoyEnLaBandejaDeEntradaDeGmailConMiUsernameYPass(EnviarCorreoStepsDefinitions.java:21)
	at ?.Estoy en la bandeja de entrada de Gmail con usuario pruebascaoliva@gmail.com y contrasena testingsura(src/test/resources/features/EnviarCorreo.feature:8)

net.serenitybdd.core.exceptions.SerenityManagedException: The following error occurred: unknown error: call function result missing 'value'
  (Session info: chrome=71.0.3578.98)
  (Driver info: chromedriver=2.33.506120 (e3e53437346286c0bc2d2dc9aa4915ba81d9023f),platform=Windows NT 10.0.15063 x86_64) (WARNING: The server did not provide any stacktrace information)
Command duration or timeout: 0 milliseconds
Build info: version: '3.10.0', revision: '176b4a9', time: '2018-03-02T19:03:16.397Z'
System info: host: 'PVID3DN8RN2', ip: '10.0.75.1', os.name: 'Windows 10', os.arch: 'amd64', os.version: '10.0', java.version: '1.8.0_191'
Driver info: org.openqa.selenium.remote.RemoteWebDriver
Capabilities {acceptSslCerts: true, applicationCacheEnabled: false, browserConnectionEnabled: false, browserName: chrome, chrome: {chromedriverVersion: 2.33.506120 (e3e53437346286..., userDataDir: D:\Usuarios\carlolpa\AppDat...}, cssSelectorsEnabled: true, databaseEnabled: false, handlesAlerts: true, hasTouchScreen: false, javascriptEnabled: true, locationContextEnabled: true, mobileEmulationEnabled: false, nativeEvents: true, networkConnectionEnabled: false, pageLoadStrategy: normal, platform: XP, platformName: XP, rotatable: false, setWindowRect: true, takesHeapSnapshot: true, takesScreenshot: true, unexpectedAlertBehaviour: , unhandledPromptBehavior: , version: 71.0.3578.98, webStorageEnabled: true}
Session ID: 4054e6d6eedef99b949d122527e44da0
	at sun.reflect.NativeConstructorAccessorImpl.newInstance0(Native Method)
	at sun.reflect.NativeConstructorAccessorImpl.newInstance(NativeConstructorAccessorImpl.java:62)
	at sun.reflect.DelegatingConstructorAccessorImpl.newInstance(DelegatingConstructorAccessorImpl.java:45)
	at java.lang.reflect.Constructor.newInstance(Constructor.java:423)
	at org.openqa.selenium.remote.ErrorHandler.createThrowable(ErrorHandler.java:214)
	at org.openqa.selenium.remote.ErrorHandler.throwIfResponseFailed(ErrorHandler.java:166)
	at org.openqa.selenium.remote.http.JsonHttpResponseCodec.reconstructValue(JsonHttpResponseCodec.java:40)
	at org.openqa.selenium.remote.http.AbstractHttpResponseCodec.decode(AbstractHttpResponseCodec.java:80)
	at org.openqa.selenium.remote.http.AbstractHttpResponseCodec.decode(AbstractHttpResponseCodec.java:44)
	at org.openqa.selenium.remote.HttpCommandExecutor.execute(HttpCommandExecutor.java:160)
	at org.openqa.selenium.remote.RemoteWebDriver.execute(RemoteWebDriver.java:601)
	at org.openqa.selenium.remote.RemoteWebDriver.executeScript(RemoteWebDriver.java:537)
	at net.thucydides.core.webdriver.javascript.JavascriptExecutorFacade.executeScript(JavascriptExecutorFacade.java:61)
	at net.thucydides.core.pages.jquery.JQueryEnabledPage.executeScriptFrom(JQueryEnabledPage.java:68)
	at net.thucydides.core.pages.jquery.JQueryEnabledPage.injectJQuery(JQueryEnabledPage.java:60)
	at net.thucydides.core.pages.jquery.JQueryEnabledPage.activateJQuery(JQueryEnabledPage.java:96)
	at net.serenitybdd.core.pages.PageObject.addJQuerySupport(PageObject.java:988)
	at net.serenitybdd.core.pages.PageObject.openPageAtUrl(PageObject.java:844)
	at net.serenitybdd.core.pages.PageObject.open(PageObject.java:743)
	at net.serenitybdd.core.pages.PageObject.open(PageObject.java:731)
	at steps.userSteps.GmailUser.abrirNavegador(GmailUser.java:10)
	at steps.userSteps.GmailUser$$EnhancerByCGLIB$$5e1d2b54.CGLIB$abrirNavegador$5(<generated>)
	at steps.userSteps.GmailUser$$EnhancerByCGLIB$$5e1d2b54$$FastClassByCGLIB$$41891ba8.invoke(<generated>)
	at net.sf.cglib.proxy.MethodProxy.invokeSuper(MethodProxy.java:228)
	at net.thucydides.core.steps.BaseMethodRunner.invokeMethod(BaseMethodRunner.java:10)
	at net.thucydides.core.steps.NormalMethodRunner.invokeMethodAndNotifyFailures(NormalMethodRunner.java:20)
	at net.thucydides.core.steps.StepInterceptor.runNormalMethod(StepInterceptor.java:361)
	at net.thucydides.core.steps.StepInterceptor.testStepResult(StepInterceptor.java:132)
	at net.thucydides.core.steps.StepInterceptor.intercept(StepInterceptor.java:68)
	at steps.userSteps.GmailUser$$EnhancerByCGLIB$$5e1d2b54.abrirNavegador(<generated>)
	at steps.EnviarCorreoStepsDefinitions.estoyEnLaBandejaDeEntradaDeGmailConMiUsernameYPass(EnviarCorreoStepsDefinitions.java:21)
	at ?.Estoy en la bandeja de entrada de Gmail con usuario pruebascaoliva@gmail.com y contrasena testingsura(src/test/resources/features/EnviarCorreo.feature:8)

net.serenitybdd.core.exceptions.SerenityManagedException: The following error occurred: unknown error: call function result missing 'value'
  (Session info: chrome=71.0.3578.98)
  (Driver info: chromedriver=2.33.506120 (e3e53437346286c0bc2d2dc9aa4915ba81d9023f),platform=Windows NT 10.0.15063 x86_64) (WARNING: The server did not provide any stacktrace information)
Command duration or timeout: 0 milliseconds
Build info: version: '3.10.0', revision: '176b4a9', time: '2018-03-02T19:03:16.397Z'
System info: host: 'PVID3DN8RN2', ip: '10.0.75.1', os.name: 'Windows 10', os.arch: 'amd64', os.version: '10.0', java.version: '1.8.0_191'
Driver info: org.openqa.selenium.remote.RemoteWebDriver
Capabilities {acceptSslCerts: true, applicationCacheEnabled: false, browserConnectionEnabled: false, browserName: chrome, chrome: {chromedriverVersion: 2.33.506120 (e3e53437346286..., userDataDir: D:\Usuarios\carlolpa\AppDat...}, cssSelectorsEnabled: true, databaseEnabled: false, handlesAlerts: true, hasTouchScreen: false, javascriptEnabled: true, locationContextEnabled: true, mobileEmulationEnabled: false, nativeEvents: true, networkConnectionEnabled: false, pageLoadStrategy: normal, platform: XP, platformName: XP, rotatable: false, setWindowRect: true, takesHeapSnapshot: true, takesScreenshot: true, unexpectedAlertBehaviour: , unhandledPromptBehavior: , version: 71.0.3578.98, webStorageEnabled: true}
Session ID: e9bc414f447c3c315d0f692e9f0606e9
	at sun.reflect.NativeConstructorAccessorImpl.newInstance0(Native Method)
	at sun.reflect.NativeConstructorAccessorImpl.newInstance(NativeConstructorAccessorImpl.java:62)
	at sun.reflect.DelegatingConstructorAccessorImpl.newInstance(DelegatingConstructorAccessorImpl.java:45)
	at java.lang.reflect.Constructor.newInstance(Constructor.java:423)
	at org.openqa.selenium.remote.ErrorHandler.createThrowable(ErrorHandler.java:214)
	at org.openqa.selenium.remote.ErrorHandler.throwIfResponseFailed(ErrorHandler.java:166)
	at org.openqa.selenium.remote.http.JsonHttpResponseCodec.reconstructValue(JsonHttpResponseCodec.java:40)
	at org.openqa.selenium.remote.http.AbstractHttpResponseCodec.decode(AbstractHttpResponseCodec.java:80)
	at org.openqa.selenium.remote.http.AbstractHttpResponseCodec.decode(AbstractHttpResponseCodec.java:44)
	at org.openqa.selenium.remote.HttpCommandExecutor.execute(HttpCommandExecutor.java:160)
	at org.openqa.selenium.remote.RemoteWebDriver.execute(RemoteWebDriver.java:601)
	at org.openqa.selenium.remote.RemoteWebDriver.executeScript(RemoteWebDriver.java:537)
	at net.thucydides.core.webdriver.javascript.JavascriptExecutorFacade.executeScript(JavascriptExecutorFacade.java:61)
	at net.thucydides.core.pages.jquery.JQueryEnabledPage.executeScriptFrom(JQueryEnabledPage.java:68)
	at net.thucydides.core.pages.jquery.JQueryEnabledPage.injectJQuery(JQueryEnabledPage.java:60)
	at net.thucydides.core.pages.jquery.JQueryEnabledPage.activateJQuery(JQueryEnabledPage.java:96)
	at net.serenitybdd.core.pages.PageObject.addJQuerySupport(PageObject.java:988)
	at net.serenitybdd.core.pages.PageObject.openPageAtUrl(PageObject.java:844)
	at net.serenitybdd.core.pages.PageObject.open(PageObject.java:743)
	at net.serenitybdd.core.pages.PageObject.open(PageObject.java:731)
	at steps.userSteps.GmailUser.abrirNavegador(GmailUser.java:10)
	at steps.userSteps.GmailUser$$EnhancerByCGLIB$$5e1d2b54.CGLIB$abrirNavegador$5(<generated>)
	at steps.userSteps.GmailUser$$EnhancerByCGLIB$$5e1d2b54$$FastClassByCGLIB$$41891ba8.invoke(<generated>)
	at net.sf.cglib.proxy.MethodProxy.invokeSuper(MethodProxy.java:228)
	at net.thucydides.core.steps.BaseMethodRunner.invokeMethod(BaseMethodRunner.java:10)
	at net.thucydides.core.steps.NormalMethodRunner.invokeMethodAndNotifyFailures(NormalMethodRunner.java:20)
	at net.thucydides.core.steps.StepInterceptor.runNormalMethod(StepInterceptor.java:361)
	at net.thucydides.core.steps.StepInterceptor.testStepResult(StepInterceptor.java:132)
	at net.thucydides.core.steps.StepInterceptor.intercept(StepInterceptor.java:68)
	at steps.userSteps.GmailUser$$EnhancerByCGLIB$$5e1d2b54.abrirNavegador(<generated>)
	at steps.EnviarCorreoStepsDefinitions.estoyEnLaBandejaDeEntradaDeGmailConMiUsernameYPass(EnviarCorreoStepsDefinitions.java:21)
	at ?.Estoy en la bandeja de entrada de Gmail con usuario pruebascaoliva@gmail.com y contrasena testingsura(src/test/resources/features/EnviarCorreo.feature:8)

net.serenitybdd.core.exceptions.SerenityManagedException: The following error occurred: unknown error: call function result missing 'value'
  (Session info: chrome=71.0.3578.98)
  (Driver info: chromedriver=2.33.506120 (e3e53437346286c0bc2d2dc9aa4915ba81d9023f),platform=Windows NT 10.0.15063 x86_64) (WARNING: The server did not provide any stacktrace information)
Command duration or timeout: 0 milliseconds
Build info: version: '3.10.0', revision: '176b4a9', time: '2018-03-02T19:03:16.397Z'
System info: host: 'PVID3DN8RN2', ip: '10.0.75.1', os.name: 'Windows 10', os.arch: 'amd64', os.version: '10.0', java.version: '1.8.0_191'
Driver info: org.openqa.selenium.remote.RemoteWebDriver
Capabilities {acceptSslCerts: true, applicationCacheEnabled: false, browserConnectionEnabled: false, browserName: chrome, chrome: {chromedriverVersion: 2.33.506120 (e3e53437346286..., userDataDir: D:\Usuarios\carlolpa\AppDat...}, cssSelectorsEnabled: true, databaseEnabled: false, handlesAlerts: true, hasTouchScreen: false, javascriptEnabled: true, locationContextEnabled: true, mobileEmulationEnabled: false, nativeEvents: true, networkConnectionEnabled: false, pageLoadStrategy: normal, platform: XP, platformName: XP, rotatable: false, setWindowRect: true, takesHeapSnapshot: true, takesScreenshot: true, unexpectedAlertBehaviour: , unhandledPromptBehavior: , version: 71.0.3578.98, webStorageEnabled: true}
Session ID: b935659699269caf605fb33f2f8eb82b
	at sun.reflect.NativeConstructorAccessorImpl.newInstance0(Native Method)
	at sun.reflect.NativeConstructorAccessorImpl.newInstance(NativeConstructorAccessorImpl.java:62)
	at sun.reflect.DelegatingConstructorAccessorImpl.newInstance(DelegatingConstructorAccessorImpl.java:45)
	at java.lang.reflect.Constructor.newInstance(Constructor.java:423)
	at org.openqa.selenium.remote.ErrorHandler.createThrowable(ErrorHandler.java:214)
	at org.openqa.selenium.remote.ErrorHandler.throwIfResponseFailed(ErrorHandler.java:166)
	at org.openqa.selenium.remote.http.JsonHttpResponseCodec.reconstructValue(JsonHttpResponseCodec.java:40)
	at org.openqa.selenium.remote.http.AbstractHttpResponseCodec.decode(AbstractHttpResponseCodec.java:80)
	at org.openqa.selenium.remote.http.AbstractHttpResponseCodec.decode(AbstractHttpResponseCodec.java:44)
	at org.openqa.selenium.remote.HttpCommandExecutor.execute(HttpCommandExecutor.java:160)
	at org.openqa.selenium.remote.RemoteWebDriver.execute(RemoteWebDriver.java:601)
	at org.openqa.selenium.remote.RemoteWebDriver.executeScript(RemoteWebDriver.java:537)
	at net.thucydides.core.webdriver.javascript.JavascriptExecutorFacade.executeScript(JavascriptExecutorFacade.java:61)
	at net.thucydides.core.pages.jquery.JQueryEnabledPage.executeScriptFrom(JQueryEnabledPage.java:68)
	at net.thucydides.core.pages.jquery.JQueryEnabledPage.injectJQuery(JQueryEnabledPage.java:60)
	at net.thucydides.core.pages.jquery.JQueryEnabledPage.activateJQuery(JQueryEnabledPage.java:96)
	at net.serenitybdd.core.pages.PageObject.addJQuerySupport(PageObject.java:988)
	at net.serenitybdd.core.pages.PageObject.openPageAtUrl(PageObject.java:844)
	at net.serenitybdd.core.pages.PageObject.open(PageObject.java:743)
	at net.serenitybdd.core.pages.PageObject.open(PageObject.java:731)
	at steps.userSteps.GmailUser.abrirNavegador(GmailUser.java:10)
	at steps.userSteps.GmailUser$$EnhancerByCGLIB$$5e1d2b54.CGLIB$abrirNavegador$5(<generated>)
	at steps.userSteps.GmailUser$$EnhancerByCGLIB$$5e1d2b54$$FastClassByCGLIB$$41891ba8.invoke(<generated>)
	at net.sf.cglib.proxy.MethodProxy.invokeSuper(MethodProxy.java:228)
	at net.thucydides.core.steps.BaseMethodRunner.invokeMethod(BaseMethodRunner.java:10)
	at net.thucydides.core.steps.NormalMethodRunner.invokeMethodAndNotifyFailures(NormalMethodRunner.java:20)
	at net.thucydides.core.steps.StepInterceptor.runNormalMethod(StepInterceptor.java:361)
	at net.thucydides.core.steps.StepInterceptor.testStepResult(StepInterceptor.java:132)
	at net.thucydides.core.steps.StepInterceptor.intercept(StepInterceptor.java:68)
	at steps.userSteps.GmailUser$$EnhancerByCGLIB$$5e1d2b54.abrirNavegador(<generated>)
	at steps.EnviarCorreoStepsDefinitions.estoyEnLaBandejaDeEntradaDeGmailConMiUsernameYPass(EnviarCorreoStepsDefinitions.java:21)
	at ?.Estoy en la bandeja de entrada de Gmail con usuario pruebascaoliva@gmail.com y contrasena testingsura(src/test/resources/features/EnviarCorreo.feature:8)

]]></system-out>
  <system-err><![CDATA[[Test worker] INFO net.serenitybdd.core.Serenity - ?[96m?[36m

-------------------------------------------------------------------------------------
     _______. _______ .______       _______ .__   __.  __  .___________.____    ____ 
    /       ||   ____||   _  \     |   ____||  \ |  | |  | |           |\   \  /   / 
   |   (----`|  |__   |  |_)  |    |  |__   |   \|  | |  | `---|  |----` \   \/   /  
    \   \    |   __|  |      /     |   __|  |  . `  | |  |     |  |       \_    _/   
.----)   |   |  |____ |  |\  \----.|  |____ |  |\   | |  |     |  |         |  |     
|_______/    |_______|| _| `._____||_______||__| \__| |__|     |__|         |__|    
                                                                                     
 News and tutorials at http://www.serenity-bdd.info                                  
 Documentation at https://wakaleo.gitbooks.io/the-serenity-book/content/             
 Join the Serenity Community on Rocket Chat at https://serenity-bdd.rocket.chat      
 Serenity BDD Support and Training at http://serenity-bdd.info/#/trainingandsupport  
 Learn Serenity BDD online at http://serenity-dojo.com                               
-------------------------------------------------------------------------------------
?[0m?[0m
[Test worker] INFO net.serenitybdd.core.Serenity - Test Suite Started: Enviar correo
[Test worker] INFO net.serenitybdd.core.Serenity - 
 _____ _____ ____ _____   ____ _____  _    ____ _____ _____ ____  
|_   _| ____/ ___|_   _| / ___|_   _|/ \  |  _ \_   _| ____|  _ \ 
  | | |  _| \___ \ | |   \___ \ | | / _ \ | |_) || | |  _| | | | |
  | | | |___ ___) || |    ___) || |/ ___ \|  _ < | | | |___| |_| |
  |_| |_____|____/ |_|   |____/ |_/_/   \_\_| \_\|_| |_____|____/ 
                                                                  

TEST STARTED: : Enviando un correo en Gmail
-------------------------------------------------------------------(enviar-correo;:-enviando-un-correo-en-gmail)
[Test worker] INFO net.serenitybdd.core.Serenity - STARTING STEP : Enviando un correo en Gmail #1: {remitente=pruebascaoliva@gmail.com, passRemitente=testingsura, destinatario=pruebadestinatario@gmail.com, asunto=Prueba, contenido=Prueba que pasaria, passDestino=testingsura}
[Test worker] ERROR net.serenitybdd.core.Serenity - ?[91m
           __  _____ _____ ____ _____   _____ _    ___ _     _____ ____  
  _       / / |_   _| ____/ ___|_   _| |  ___/ \  |_ _| |   | ____|  _ \ 
 (_)_____| |    | | |  _| \___ \ | |   | |_ / _ \  | || |   |  _| | | | |
  _|_____| |    | | | |___ ___) || |   |  _/ ___ \ | || |___| |___| |_| |
 (_)     | |    |_| |_____|____/ |_|   |_|/_/   \_\___|_____|_____|____/ 
          \_\                                                            

TEST FAILED WITH ERROR: : Enviando un correo en Gmail
---------------------------------------------------------------------?[0m
[Test worker] ERROR net.serenitybdd.core.Serenity - ?[91mTEST FAILED AT STEP Abrir navegador?[0m
[Test worker] ERROR net.serenitybdd.core.Serenity - The following error occurred: unknown error: call function result missing 'value'  (Session info: chrome=71.0.3578.98)  (Driver info: chromedriver=2.33.506120 (e3e53437346286c0bc2d2dc9aa4915ba81d9023f),platform=Windows NT 10.0.15063 x86_64) (WARNING: The server did not provide any stacktrace information)Command duration or timeout: 0 millisecondsBuild info: version: '3.10.0', revision: '176b4a9', time: '2018-03-02T19:03:16.397Z'System info: host: 'PVID3DN8RN2', ip: '10.0.75.1', os.name: 'Windows 10', os.arch: 'amd64', os.version: '10.0', java.version: '1.8.0_191'Driver info: org.openqa.selenium.remote.RemoteWebDriverCapabilities {acceptSslCerts: true, applicationCacheEnabled: false, browserConnectionEnabled: false, browserName: chrome, chrome: {chromedriverVersion: 2.33.506120 (e3e53437346286..., userDataDir: D:\Usuarios\carlolpa\AppDat...}, cssSelectorsEnabled: true, databaseEnabled: false, handlesAlerts: true, hasTouchScreen: false, javascriptEnabled: true, locationContextEnabled: true, mobileEmulationEnabled: false, nativeEvents: true, networkConnectionEnabled: false, pageLoadStrategy: normal, platform: XP, platformName: XP, rotatable: false, setWindowRect: true, takesHeapSnapshot: true, takesScreenshot: true, unexpectedAlertBehaviour: , unhandledPromptBehavior: , version: 71.0.3578.98, webStorageEnabled: true}Session ID: cce2b61dc1bbae6a2593c4ca47c74637Build info: version: '3.10.0', revision: '176b4a9', time: '2018-03-02T19:03:16.397Z'System info: host: 'PVID3DN8RN2', ip: '10.0.75.1', os.name: 'Windows 10', os.arch: 'amd64', os.version: '10.0', java.version: '1.8.0_191'Driver info: driver.version: unknown
[Test worker] INFO net.serenitybdd.core.Serenity - STARTING STEP : Enviando un correo en Gmail #2: {remitente=pruebascaoliva@gmail.com, passRemitente=testingsura, destinatario=pruebadestinatario@gmail.com, asunto=Prueba 2, contenido=2 Prueba que pasaria, passDestino=testingsura}
[Test worker] ERROR net.serenitybdd.core.Serenity - ?[91m
           __  _____ _____ ____ _____   _____ _    ___ _     _____ ____  
  _       / / |_   _| ____/ ___|_   _| |  ___/ \  |_ _| |   | ____|  _ \ 
 (_)_____| |    | | |  _| \___ \ | |   | |_ / _ \  | || |   |  _| | | | |
  _|_____| |    | | | |___ ___) || |   |  _/ ___ \ | || |___| |___| |_| |
 (_)     | |    |_| |_____|____/ |_|   |_|/_/   \_\___|_____|_____|____/ 
          \_\                                                            

TEST FAILED WITH ERROR: : Enviando un correo en Gmail
---------------------------------------------------------------------?[0m
[Test worker] ERROR net.serenitybdd.core.Serenity - ?[91mTEST FAILED AT STEP Abrir navegador?[0m
[Test worker] ERROR net.serenitybdd.core.Serenity - The following error occurred: unknown error: call function result missing 'value'  (Session info: chrome=71.0.3578.98)  (Driver info: chromedriver=2.33.506120 (e3e53437346286c0bc2d2dc9aa4915ba81d9023f),platform=Windows NT 10.0.15063 x86_64) (WARNING: The server did not provide any stacktrace information)Command duration or timeout: 0 millisecondsBuild info: version: '3.10.0', revision: '176b4a9', time: '2018-03-02T19:03:16.397Z'System info: host: 'PVID3DN8RN2', ip: '10.0.75.1', os.name: 'Windows 10', os.arch: 'amd64', os.version: '10.0', java.version: '1.8.0_191'Driver info: org.openqa.selenium.remote.RemoteWebDriverCapabilities {acceptSslCerts: true, applicationCacheEnabled: false, browserConnectionEnabled: false, browserName: chrome, chrome: {chromedriverVersion: 2.33.506120 (e3e53437346286..., userDataDir: D:\Usuarios\carlolpa\AppDat...}, cssSelectorsEnabled: true, databaseEnabled: false, handlesAlerts: true, hasTouchScreen: false, javascriptEnabled: true, locationContextEnabled: true, mobileEmulationEnabled: false, nativeEvents: true, networkConnectionEnabled: false, pageLoadStrategy: normal, platform: XP, platformName: XP, rotatable: false, setWindowRect: true, takesHeapSnapshot: true, takesScreenshot: true, unexpectedAlertBehaviour: , unhandledPromptBehavior: , version: 71.0.3578.98, webStorageEnabled: true}Session ID: cce2b61dc1bbae6a2593c4ca47c74637Build info: version: '3.10.0', revision: '176b4a9', time: '2018-03-02T19:03:16.397Z'System info: host: 'PVID3DN8RN2', ip: '10.0.75.1', os.name: 'Windows 10', os.arch: 'amd64', os.version: '10.0', java.version: '1.8.0_191'Driver info: driver.version: unknown
[Test worker] INFO net.serenitybdd.core.Serenity - STARTING STEP : Enviando un correo en Gmail #3: {remitente=pruebascaoliva@gmail.com, passRemitente=testingsura, destinatario=pruebadestinatario@gmail.com, asunto=Prueba 3, contenido=3 Prueba que pasaria, passDestino=testingsura}
[Test worker] ERROR net.serenitybdd.core.Serenity - ?[91m
           __  _____ _____ ____ _____   _____ _    ___ _     _____ ____  
  _       / / |_   _| ____/ ___|_   _| |  ___/ \  |_ _| |   | ____|  _ \ 
 (_)_____| |    | | |  _| \___ \ | |   | |_ / _ \  | || |   |  _| | | | |
  _|_____| |    | | | |___ ___) || |   |  _/ ___ \ | || |___| |___| |_| |
 (_)     | |    |_| |_____|____/ |_|   |_|/_/   \_\___|_____|_____|____/ 
          \_\                                                            

TEST FAILED WITH ERROR: : Enviando un correo en Gmail
---------------------------------------------------------------------?[0m
[Test worker] ERROR net.serenitybdd.core.Serenity - ?[91mTEST FAILED AT STEP Abrir navegador?[0m
[Test worker] ERROR net.serenitybdd.core.Serenity - The following error occurred: unknown error: call function result missing 'value'  (Session info: chrome=71.0.3578.98)  (Driver info: chromedriver=2.33.506120 (e3e53437346286c0bc2d2dc9aa4915ba81d9023f),platform=Windows NT 10.0.15063 x86_64) (WARNING: The server did not provide any stacktrace information)Command duration or timeout: 0 millisecondsBuild info: version: '3.10.0', revision: '176b4a9', time: '2018-03-02T19:03:16.397Z'System info: host: 'PVID3DN8RN2', ip: '10.0.75.1', os.name: 'Windows 10', os.arch: 'amd64', os.version: '10.0', java.version: '1.8.0_191'Driver info: org.openqa.selenium.remote.RemoteWebDriverCapabilities {acceptSslCerts: true, applicationCacheEnabled: false, browserConnectionEnabled: false, browserName: chrome, chrome: {chromedriverVersion: 2.33.506120 (e3e53437346286..., userDataDir: D:\Usuarios\carlolpa\AppDat...}, cssSelectorsEnabled: true, databaseEnabled: false, handlesAlerts: true, hasTouchScreen: false, javascriptEnabled: true, locationContextEnabled: true, mobileEmulationEnabled: false, nativeEvents: true, networkConnectionEnabled: false, pageLoadStrategy: normal, platform: XP, platformName: XP, rotatable: false, setWindowRect: true, takesHeapSnapshot: true, takesScreenshot: true, unexpectedAlertBehaviour: , unhandledPromptBehavior: , version: 71.0.3578.98, webStorageEnabled: true}Session ID: cce2b61dc1bbae6a2593c4ca47c74637Build info: version: '3.10.0', revision: '176b4a9', time: '2018-03-02T19:03:16.397Z'System info: host: 'PVID3DN8RN2', ip: '10.0.75.1', os.name: 'Windows 10', os.arch: 'amd64', os.version: '10.0', java.version: '1.8.0_191'Driver info: driver.version: unknown
[Test worker] INFO net.serenitybdd.core.Serenity - STARTING STEP : Enviando un correo en Gmail #4: {remitente=pruebascaoliva@gmail.com, passRemitente=testingsura, destinatario=pruebadestinatario@gmail.com, asunto=Prueba 4, contenido=4 Prueba que pasaria, passDestino=testingsura}
[Test worker] ERROR net.serenitybdd.core.Serenity - ?[91m
           __  _____ _____ ____ _____   _____ _    ___ _     _____ ____  
  _       / / |_   _| ____/ ___|_   _| |  ___/ \  |_ _| |   | ____|  _ \ 
 (_)_____| |    | | |  _| \___ \ | |   | |_ / _ \  | || |   |  _| | | | |
  _|_____| |    | | | |___ ___) || |   |  _/ ___ \ | || |___| |___| |_| |
 (_)     | |    |_| |_____|____/ |_|   |_|/_/   \_\___|_____|_____|____/ 
          \_\                                                            

TEST FAILED WITH ERROR: : Enviando un correo en Gmail
---------------------------------------------------------------------?[0m
[Test worker] ERROR net.serenitybdd.core.Serenity - ?[91mTEST FAILED AT STEP Abrir navegador?[0m
[Test worker] ERROR net.serenitybdd.core.Serenity - The following error occurred: unknown error: call function result missing 'value'  (Session info: chrome=71.0.3578.98)  (Driver info: chromedriver=2.33.506120 (e3e53437346286c0bc2d2dc9aa4915ba81d9023f),platform=Windows NT 10.0.15063 x86_64) (WARNING: The server did not provide any stacktrace information)Command duration or timeout: 0 millisecondsBuild info: version: '3.10.0', revision: '176b4a9', time: '2018-03-02T19:03:16.397Z'System info: host: 'PVID3DN8RN2', ip: '10.0.75.1', os.name: 'Windows 10', os.arch: 'amd64', os.version: '10.0', java.version: '1.8.0_191'Driver info: org.openqa.selenium.remote.RemoteWebDriverCapabilities {acceptSslCerts: true, applicationCacheEnabled: false, browserConnectionEnabled: false, browserName: chrome, chrome: {chromedriverVersion: 2.33.506120 (e3e53437346286..., userDataDir: D:\Usuarios\carlolpa\AppDat...}, cssSelectorsEnabled: true, databaseEnabled: false, handlesAlerts: true, hasTouchScreen: false, javascriptEnabled: true, locationContextEnabled: true, mobileEmulationEnabled: false, nativeEvents: true, networkConnectionEnabled: false, pageLoadStrategy: normal, platform: XP, platformName: XP, rotatable: false, setWindowRect: true, takesHeapSnapshot: true, takesScreenshot: true, unexpectedAlertBehaviour: , unhandledPromptBehavior: , version: 71.0.3578.98, webStorageEnabled: true}Session ID: cce2b61dc1bbae6a2593c4ca47c74637Build info: version: '3.10.0', revision: '176b4a9', time: '2018-03-02T19:03:16.397Z'System info: host: 'PVID3DN8RN2', ip: '10.0.75.1', os.name: 'Windows 10', os.arch: 'amd64', os.version: '10.0', java.version: '1.8.0_191'Driver info: driver.version: unknown
]]></system-err>
</testsuite>
